0 info it worked if it ends with ok
1 verbose cli [ '/usr/local/bin/node', '/usr/local/bin/npm', 'run', 'deploy' ]
2 info using npm@3.10.9
3 info using node@v7.1.0
4 verbose run-script [ 'predeploy', 'deploy', 'postdeploy' ]
5 info lifecycle civic-tech-projects@1.0.0~predeploy: civic-tech-projects@1.0.0
6 silly lifecycle civic-tech-projects@1.0.0~predeploy: no script for predeploy, continuing
7 info lifecycle civic-tech-projects@1.0.0~deploy: civic-tech-projects@1.0.0
8 verbose lifecycle civic-tech-projects@1.0.0~deploy: unsafe-perm in lifecycle true
9 verbose lifecycle civic-tech-projects@1.0.0~deploy: PATH: /usr/local/lib/node_modules/npm/bin/node-gyp-bin:/Users/mariacam/Development/Make-A-Diff/civic-tech-projects/node_modules/.bin:/Users/mariacam/.rvm/gems/ruby-2.2.2/bin:/Users/mariacam/.rvm/gems/ruby-2.2.2@global/bin:/Users/mariacam/.rvm/rubies/ruby-2.2.2/bin:/usr/local/bin:/usr/bin:/bin:/usr/sbin:/sbin:/Users/mariacam/.rvm/bin
10 verbose lifecycle civic-tech-projects@1.0.0~deploy: CWD: /Users/mariacam/Development/Make-A-Diff/civic-tech-projects
11 silly lifecycle civic-tech-projects@1.0.0~deploy: Args: [ '-c', 'gulp deploy' ]
12 silly lifecycle civic-tech-projects@1.0.0~deploy: Returned: code: 1  signal: null
13 info lifecycle civic-tech-projects@1.0.0~deploy: Failed to exec deploy script
14 verbose stack Error: civic-tech-projects@1.0.0 deploy: `gulp deploy`
14 verbose stack Exit status 1
14 verbose stack     at EventEmitter.<anonymous> (/usr/local/lib/node_modules/npm/lib/utils/lifecycle.js:255:16)
14 verbose stack     at emitTwo (events.js:106:13)
14 verbose stack     at EventEmitter.emit (events.js:191:7)
14 verbose stack     at ChildProcess.<anonymous> (/usr/local/lib/node_modules/npm/lib/utils/spawn.js:40:14)
14 verbose stack     at emitTwo (events.js:106:13)
14 verbose stack     at ChildProcess.emit (events.js:191:7)
14 verbose stack     at maybeClose (internal/child_process.js:885:16)
14 verbose stack     at Process.ChildProcess._handle.onexit (internal/child_process.js:226:5)
15 verbose pkgid civic-tech-projects@1.0.0
16 verbose cwd /Users/mariacam/Development/Make-A-Diff/civic-tech-projects
17 error Darwin 15.6.0
18 error argv "/usr/local/bin/node" "/usr/local/bin/npm" "run" "deploy"
19 error node v7.1.0
20 error npm  v3.10.9
21 error code ELIFECYCLE
22 error civic-tech-projects@1.0.0 deploy: `gulp deploy`
22 error Exit status 1
23 error Failed at the civic-tech-projects@1.0.0 deploy script 'gulp deploy'.
23 error Make sure you have the latest version of node.js and npm installed.
23 error If you do, this is most likely a problem with the civic-tech-projects package,
23 error not with npm itself.
23 error Tell the author that this fails on your system:
23 error     gulp deploy
23 error You can get information on how to open an issue for this project with:
23 error     npm bugs civic-tech-projects
23 error Or if that isn't available, you can get their info via:
23 error     npm owner ls civic-tech-projects
23 error There is likely additional logging output above.
24 verbose exit [ 1, true ]
